[2025-12-25 22:09:26] Starting download: https://api.papermc.io/v2/projects/paper/versions/1.21.11/builds/54/downloads/paper-1.21.11-54.jar
[2025-12-25 22:09:26] Known size passed: Some(0)
[2025-12-25 22:09:26] Response content-length: None
[2025-12-25 22:09:26] Final total_size used: None
[2025-12-25 22:09:48] Starting download: https://piston-data.mojang.com/v1/objects/64bb6d763bed0a9f1d632ec347938594144943ed/server.jar
[2025-12-25 22:09:48] Known size passed: Some(56327581)
[2025-12-25 22:09:48] Response content-length: Some(56327581)
[2025-12-25 22:09:48] Final total_size used: Some(56327581)
[2025-12-25 22:12:58] Starting download: https://api.papermc.io/v2/projects/paper/versions/1.21.11/builds/54/downloads/paper-1.21.11-54.jar
[2025-12-25 22:12:58] Known size passed: Some(0)
[2025-12-25 22:12:58] Response content-length: None
[2025-12-25 22:12:58] Final total_size used: None
[2025-12-25 22:15:11] Starting download: https://api.papermc.io/v2/projects/paper/versions/1.21.11/builds/54/downloads/paper-1.21.11-54.jar
[2025-12-25 22:15:11] Known size passed: Some(0)
[2025-12-25 22:15:11] Response content-length: None
[2025-12-25 22:15:11] Final total_size used: None
[2025-12-25 22:18:21] Starting download: https://api.papermc.io/v2/projects/paper/versions/1.21.11/builds/54/downloads/paper-1.21.11-54.jar
[2025-12-25 22:18:21] Known size passed: Some(0)
[2025-12-25 22:18:21] Response content-length: None
[2025-12-25 22:18:21] Final total_size used: None
[2025-12-25 22:18:48] Starting download: https://api.papermc.io/v2/projects/paper/versions/1.21.11/builds/54/downloads/paper-1.21.11-54.jar
[2025-12-25 22:18:48] Known size passed: Some(0)
[2025-12-25 22:18:48] Response content-length: None
[2025-12-25 22:18:48] Final total_size used: None
[2025-12-25 22:25:53] Starting download: https://api.papermc.io/v2/projects/paper/versions/1.21.11/builds/54/downloads/paper-1.21.11-54.jar
[2025-12-25 22:25:53] Known size passed: Some(0)
[2025-12-25 22:25:53] Response content-length: None
[2025-12-25 22:25:53] Final total_size used: None
[2025-12-25 22:27:24] Starting download: https://api.papermc.io/v2/projects/paper/versions/1.21.11/builds/54/downloads/paper-1.21.11-54.jar
[2025-12-25 22:27:24] Known size passed: Some(0)
[2025-12-25 22:27:24] Response content-length: None
[2025-12-25 22:27:24] Final total_size used: None
[2025-12-25 22:29:00] Starting download: https://api.papermc.io/v2/projects/paper/versions/1.21.11/builds/54/downloads/paper-1.21.11-54.jar
[2025-12-25 22:29:00] Known size passed: Some(0)
[2025-12-25 22:29:00] Response content-length: None
[2025-12-25 22:29:00] Final total_size used: None
[2025-12-25 22:29:23] Starting download: https://api.papermc.io/v2/projects/paper/versions/1.21.11/builds/54/downloads/paper-1.21.11-54.jar
[2025-12-25 22:29:23] Known size passed: Some(0)
[2025-12-25 22:29:23] Response content-length: None
[2025-12-25 22:29:23] Final total_size used: None
[2025-12-25 22:30:34] Starting download: https://api.papermc.io/v2/projects/paper/versions/1.21.11/builds/54/downloads/paper-1.21.11-54.jar
[2025-12-25 22:30:34] Known size passed: Some(0)
[2025-12-25 22:30:35] Response content-length: None
[2025-12-25 22:30:35] Final total_size used: None
[2025-12-25 22:31:30] Starting download: https://api.papermc.io/v2/projects/paper/versions/1.21.11/builds/54/downloads/paper-1.21.11-54.jar
[2025-12-25 22:31:30] Known size passed: Some(0)
[2025-12-25 22:31:30] Response content-length: None
[2025-12-25 22:31:30] Final total_size used: None
[2025-12-25 22:31:42] Starting download: https://api.papermc.io/v2/projects/paper/versions/1.21.11/builds/54/downloads/paper-1.21.11-54.jar
[2025-12-25 22:31:42] Known size passed: Some(0)
[2025-12-25 22:31:42] Response content-length: None
[2025-12-25 22:31:42] Final total_size used: None
